Determining if the pthread_create exist failed with the following output:
Change Dir: /home/lactosis/Documents/School/Automata/cmake-build-debug/CMakeFiles/CMakeTmp

Run Build Command:"/usr/bin/make" "cmTC_d0f27/fast"
/usr/bin/make -f CMakeFiles/cmTC_d0f27.dir/build.make CMakeFiles/cmTC_d0f27.dir/build
make[1]: Entering directory '/home/lactosis/Documents/School/Automata/cmake-build-debug/CMakeFiles/CMakeTmp'
Building C object CMakeFiles/cmTC_d0f27.dir/CheckSymbolExists.c.o
/usr/bin/cc    -o CMakeFiles/cmTC_d0f27.dir/CheckSymbolExists.c.o   -c /home/lactosis/Documents/School/Automata/cmake-build-debug/CMakeFiles/CMakeTmp/CheckSymbolExists.c
Linking C executable cmTC_d0f27
/opt/clion-2017.3.1/bin/cmake/bin/cmake -E cmake_link_script CMakeFiles/cmTC_d0f27.dir/link.txt --verbose=1
/usr/bin/cc      -rdynamic CMakeFiles/cmTC_d0f27.dir/CheckSymbolExists.c.o  -o cmTC_d0f27 
CMakeFiles/cmTC_d0f27.dir/CheckSymbolExists.c.o: In function `main':
CheckSymbolExists.c:(.text+0x16): undefined reference to `pthread_create'
collect2: error: ld returned 1 exit status
CMakeFiles/cmTC_d0f27.dir/build.make:97: recipe for target 'cmTC_d0f27' failed
make[1]: *** [cmTC_d0f27] Error 1
make[1]: Leaving directory '/home/lactosis/Documents/School/Automata/cmake-build-debug/CMakeFiles/CMakeTmp'
Makefile:126: recipe for target 'cmTC_d0f27/fast' failed
make: *** [cmTC_d0f27/fast] Error 2

File /home/lactosis/Documents/School/Automata/cmake-build-debug/CMakeFiles/CMakeTmp/CheckSymbolExists.c:
/* */
#include <pthread.h>

int main(int argc, char** argv)
{
  (void)argv;
#ifndef pthread_create
  return ((int*)(&pthread_create))[argc];
#else
  (void)argc;
  return 0;
#endif
}

Determining if the function pthread_create exists in the pthreads failed with the following output:
Change Dir: /home/lactosis/Documents/School/Automata/cmake-build-debug/CMakeFiles/CMakeTmp

Run Build Command:"/usr/bin/make" "cmTC_8a9ad/fast"
/usr/bin/make -f CMakeFiles/cmTC_8a9ad.dir/build.make CMakeFiles/cmTC_8a9ad.dir/build
make[1]: Entering directory '/home/lactosis/Documents/School/Automata/cmake-build-debug/CMakeFiles/CMakeTmp'
Building C object CMakeFiles/cmTC_8a9ad.dir/CheckFunctionExists.c.o
/usr/bin/cc   -DCHECK_FUNCTION_EXISTS=pthread_create   -o CMakeFiles/cmTC_8a9ad.dir/CheckFunctionExists.c.o   -c /opt/clion-2017.3.1/bin/cmake/share/cmake-3.9/Modules/CheckFunctionExists.c
Linking C executable cmTC_8a9ad
/opt/clion-2017.3.1/bin/cmake/bin/cmake -E cmake_link_script CMakeFiles/cmTC_8a9ad.dir/link.txt --verbose=1
/usr/bin/cc  -DCHECK_FUNCTION_EXISTS=pthread_create    -rdynamic CMakeFiles/cmTC_8a9ad.dir/CheckFunctionExists.c.o  -o cmTC_8a9ad -lpthreads 
/usr/bin/ld: cannot find -lpthreads
collect2: error: ld returned 1 exit status
CMakeFiles/cmTC_8a9ad.dir/build.make:97: recipe for target 'cmTC_8a9ad' failed
make[1]: *** [cmTC_8a9ad] Error 1
make[1]: Leaving directory '/home/lactosis/Documents/School/Automata/cmake-build-debug/CMakeFiles/CMakeTmp'
Makefile:126: recipe for target 'cmTC_8a9ad/fast' failed
make: *** [cmTC_8a9ad/fast] Error 2


